Collected testing result: {'n/ep': 100, 'n/st': 19996, 'rews': array([-151.5, -151.5,  -80.5, -146. , -185. , -223. , -150.5, -145.5,
       -132.5, -197. , -191. , -162. , -157. , -137.5, -194.5, -162.5,
       -113.5, -185.5, -165. , -174. , -179.5, -115. , -130. , -176. ,
       -153. , -233. , -137. , -162.5, -164. , -243. , -281.5, -111.5,
       -236.5, -202. , -236.5, -188.5, -176. , -198.5, -174. , -192. ,
       -156. , -211.5, -150.5, -224. , -170. , -188. , -165.5, -100.5,
       -136. , -168.5, -164.5, -212. , -167. , -165. , -147. , -140. ,
       -207.5, -219.5, -298.5, -186. , -153.5, -208. , -167.5, -221. ,
       -127. , -241.5, -134. , -148.5, -278.5, -174.5,  -78.5, -118.5,
       -225. , -242.5, -153.5, -137. , -194.5, -176. , -232. , -229.5,
       -222.5, -215.5, -162.5, -149.5, -221.5, -174.5, -202. , -200. ,
       -267.5, -212.5, -220. , -149.5, -205. , -150. , -163.5, -252.5,
       -201. , -212.5, -199. , -105.5]), 'lens': array([159, 224, 154, 167, 188, 203, 155, 191, 203, 172, 181, 224, 168,
       169, 207, 206, 138, 233, 169, 227, 196, 231, 154, 149, 164, 183,
       214, 141, 250, 226, 223, 178, 234, 201, 171, 151, 252, 194, 183,
       181, 212, 201, 199, 251, 198, 215, 168, 177, 212, 214, 187, 267,
       169, 165, 236, 197, 191, 177, 238, 211, 227, 173, 172, 241, 190,
       244, 139, 216, 238, 228, 150, 194, 211, 246, 228, 257, 209, 191,
       204, 197, 225, 209, 246, 195, 204, 186, 224, 197, 239, 184, 220,
       153, 186, 246, 185, 184, 226, 205, 260, 168]), 'idxs': array([0, 0, 0, 0, 0, 0, 0, 0, 0, 0, 0, 0, 0, 0, 0, 0, 0, 0, 0, 0, 0, 0,
       0, 0, 0, 0, 0, 0, 0, 0, 0, 0, 0, 0, 0, 0, 0, 0, 0, 0, 0, 0, 0, 0,
       0, 0, 0, 0, 0, 0, 0, 0, 0, 0, 0, 0, 0, 0, 0, 0, 0, 0, 0, 0, 0, 0,
       0, 0, 0, 0, 0, 0, 0, 0, 0, 0, 0, 0, 0, 0, 0, 0, 0, 0, 0, 0, 0, 0,
       0, 0, 0, 0, 0, 0, 0, 0, 0, 0, 0, 0]), 'rew': -180.005, 'len': 199.96, 'rew_std': 42.840430378323695, 'len_std': 30.59016835520851}